Determining if the pthread_create exist failed with the following output:
Change Dir: /home/cs18/Desktop/Compute Graphics Study/work8/build/CMakeFiles/CMakeTmp

Run Build Command:"/usr/bin/make" "cmTC_03e3d/fast"
/usr/bin/make -f CMakeFiles/cmTC_03e3d.dir/build.make CMakeFiles/cmTC_03e3d.dir/build
make[1]: Entering directory '/home/cs18/Desktop/Compute Graphics Study/work8/build/CMakeFiles/CMakeTmp'
Building C object CMakeFiles/cmTC_03e3d.dir/CheckSymbolExists.c.o
/usr/bin/cc    -o CMakeFiles/cmTC_03e3d.dir/CheckSymbolExists.c.o   -c "/home/cs18/Desktop/Compute Graphics Study/work8/build/CMakeFiles/CMakeTmp/CheckSymbolExists.c"
Linking C executable cmTC_03e3d
/usr/bin/cmake -E cmake_link_script CMakeFiles/cmTC_03e3d.dir/link.txt --verbose=1
/usr/bin/cc      -rdynamic CMakeFiles/cmTC_03e3d.dir/CheckSymbolExists.c.o  -o cmTC_03e3d 
CMakeFiles/cmTC_03e3d.dir/CheckSymbolExists.c.o: In function `main':
CheckSymbolExists.c:(.text+0x1b): undefined reference to `pthread_create'
collect2: error: ld returned 1 exit status
CMakeFiles/cmTC_03e3d.dir/build.make:97: recipe for target 'cmTC_03e3d' failed
make[1]: *** [cmTC_03e3d] Error 1
make[1]: Leaving directory '/home/cs18/Desktop/Compute Graphics Study/work8/build/CMakeFiles/CMakeTmp'
Makefile:126: recipe for target 'cmTC_03e3d/fast' failed
make: *** [cmTC_03e3d/fast] Error 2

File /home/cs18/Desktop/Compute Graphics Study/work8/build/CMakeFiles/CMakeTmp/CheckSymbolExists.c:
/* */
#include <pthread.h>

int main(int argc, char** argv)
{
  (void)argv;
#ifndef pthread_create
  return ((int*)(&pthread_create))[argc];
#else
  (void)argc;
  return 0;
#endif
}

Determining if the function pthread_create exists in the pthreads failed with the following output:
Change Dir: /home/cs18/Desktop/Compute Graphics Study/work8/build/CMakeFiles/CMakeTmp

Run Build Command:"/usr/bin/make" "cmTC_66f4f/fast"
/usr/bin/make -f CMakeFiles/cmTC_66f4f.dir/build.make CMakeFiles/cmTC_66f4f.dir/build
make[1]: Entering directory '/home/cs18/Desktop/Compute Graphics Study/work8/build/CMakeFiles/CMakeTmp'
Building C object CMakeFiles/cmTC_66f4f.dir/CheckFunctionExists.c.o
/usr/bin/cc   -DCHECK_FUNCTION_EXISTS=pthread_create   -o CMakeFiles/cmTC_66f4f.dir/CheckFunctionExists.c.o   -c /usr/share/cmake-3.10/Modules/CheckFunctionExists.c
Linking C executable cmTC_66f4f
/usr/bin/cmake -E cmake_link_script CMakeFiles/cmTC_66f4f.dir/link.txt --verbose=1
/usr/bin/cc  -DCHECK_FUNCTION_EXISTS=pthread_create    -rdynamic CMakeFiles/cmTC_66f4f.dir/CheckFunctionExists.c.o  -o cmTC_66f4f -lpthreads 
/usr/bin/ld: cannot find -lpthreads
collect2: error: ld returned 1 exit status
CMakeFiles/cmTC_66f4f.dir/build.make:97: recipe for target 'cmTC_66f4f' failed
make[1]: *** [cmTC_66f4f] Error 1
make[1]: Leaving directory '/home/cs18/Desktop/Compute Graphics Study/work8/build/CMakeFiles/CMakeTmp'
Makefile:126: recipe for target 'cmTC_66f4f/fast' failed
make: *** [cmTC_66f4f/fast] Error 2


Determining if the function glXGetProcAddressEXT exists failed with the following output:
Change Dir: /home/cs18/Desktop/Compute Graphics Study/work8/build/CMakeFiles/CMakeTmp

Run Build Command:"/usr/bin/make" "cmTC_135ea/fast"
/usr/bin/make -f CMakeFiles/cmTC_135ea.dir/build.make CMakeFiles/cmTC_135ea.dir/build
make[1]: Entering directory '/home/cs18/Desktop/Compute Graphics Study/work8/build/CMakeFiles/CMakeTmp'
Building C object CMakeFiles/cmTC_135ea.dir/CheckFunctionExists.c.o
/usr/bin/cc   -DCHECK_FUNCTION_EXISTS=glXGetProcAddressEXT   -o CMakeFiles/cmTC_135ea.dir/CheckFunctionExists.c.o   -c /usr/share/cmake-3.10/Modules/CheckFunctionExists.c
Linking C executable cmTC_135ea
/usr/bin/cmake -E cmake_link_script CMakeFiles/cmTC_135ea.dir/link.txt --verbose=1
/usr/bin/cc  -DCHECK_FUNCTION_EXISTS=glXGetProcAddressEXT    -rdynamic CMakeFiles/cmTC_135ea.dir/CheckFunctionExists.c.o  -o cmTC_135ea /usr/lib/x86_64-linux-gnu/libGL.so 
CMakeFiles/cmTC_135ea.dir/CheckFunctionExists.c.o: In function `main':
CheckFunctionExists.c:(.text+0x10): undefined reference to `glXGetProcAddressEXT'
collect2: error: ld returned 1 exit status
CMakeFiles/cmTC_135ea.dir/build.make:98: recipe for target 'cmTC_135ea' failed
make[1]: *** [cmTC_135ea] Error 1
make[1]: Leaving directory '/home/cs18/Desktop/Compute Graphics Study/work8/build/CMakeFiles/CMakeTmp'
Makefile:126: recipe for target 'cmTC_135ea/fast' failed
make: *** [cmTC_135ea/fast] Error 2


